#
# There is insufficient memory for the Java Runtime Environment to continue.
# Native memory allocation (malloc) failed to allocate 262160 bytes for Chunk::new
# Possible reasons:
#   The system is out of physical RAM or swap space
#   In 32 bit mode, the process size limit was hit
# Possible solutions:
#   Reduce memory load on the system
#   Increase physical memory or swap space
#   Check if swap backing store is full
#   Use 64 bit Java on a 64 bit OS
#   Decrease Java heap size (-Xmx/-Xms)
#   Decrease number of Java threads
#   Decrease Java thread stack sizes (-Xss)
#   Set larger code cache with -XX:ReservedCodeCacheSize=
# This output file may be truncated or incomplete.
#
#  Out of Memory Error (allocation.cpp:390), pid=1912, tid=6896
#
# JRE version: Java(TM) SE Runtime Environment (8.0_51-b16) (build 1.8.0_51-b16)
# Java VM: Java HotSpot(TM) 64-Bit Server VM (25.51-b03 mixed mode windows-amd64 compressed oops)
# Failed to write core dump. Minidumps are not enabled by default on client versions of Windows
#

---------------  T H R E A D  ---------------

Current thread (0x0000000016ac5800):  JavaThread "C2 CompilerThread1" daemon [_thread_in_native, id=6896, stack(0x0000000017190000,0x0000000017290000)]

Stack: [0x0000000017190000,0x0000000017290000]
Native frames: (J=compiled Java code, j=interpreted, Vv=VM code, C=native code)
V  [jvm.dll+0x32b4ca]


Current CompileTask:
C2:  12026 2261       4       com.android.dx.dex.cf.CfTranslator::translate0 (259 bytes)


---------------  P R O C E S S  ---------------

Java Threads: ( => current thread )
  0x0000000016b42000 JavaThread "Service Thread" daemon [_thread_blocked, id=6596, stack(0x0000000017490000,0x0000000017590000)]
  0x0000000016abd000 JavaThread "C1 CompilerThread3" daemon [_thread_blocked, id=7108, stack(0x0000000017390000,0x0000000017490000)]
  0x0000000016aba800 JavaThread "C2 CompilerThread2" daemon [_thread_blocked, id=5988, stack(0x0000000017290000,0x0000000017390000)]
=>0x0000000016ac5800 JavaThread "C2 CompilerThread1" daemon [_thread_in_native, id=6896, stack(0x0000000017190000,0x0000000017290000)]
  0x0000000016ac2000 JavaThread "C2 CompilerThread0" daemon [_thread_blocked, id=1972, stack(0x0000000017090000,0x0000000017190000)]
  0x0000000016ac0800 JavaThread "Attach Listener" daemon [_thread_blocked, id=2704, stack(0x0000000016f90000,0x0000000017090000)]
  0x0000000016abf800 JavaThread "Signal Dispatcher" daemon [_thread_blocked, id=4060, stack(0x0000000016e90000,0x0000000016f90000)]
  0x0000000001f99000 JavaThread "Finalizer" daemon [_thread_blocked, id=6908, stack(0x0000000016990000,0x0000000016a90000)]
  0x0000000001f92000 JavaThread "Reference Handler" daemon [_thread_blocked, id=2252, stack(0x0000000016890000,0x0000000016990000)]
  0x0000000001ea0800 JavaThread "main" [_thread_in_Java, id=5044, stack(0x0000000001ca0000,0x0000000001da0000)]

Other Threads:
  0x0000000014ab9800 VMThread [stack: 0x0000000016790000,0x0000000016890000] [id=2244]
  0x0000000016b29000 WatcherThread [stack: 0x0000000017590000,0x0000000017690000] [id=6912]

VM state:not at safepoint (normal execution)

VM Mutex/Monitor currently owned by a thread: None

Heap:
 PSYoungGen      total 138240K, used 103473K [0x00000000eab00000, 0x00000000fe800000, 0x0000000100000000)
  eden space 133120K, 73% used [0x00000000eab00000,0x00000000f0b115d0,0x00000000f2d00000)
  from space 5120K, 99% used [0x00000000f2d00000,0x00000000f31fae78,0x00000000f3200000)
  to   space 29184K, 0% used [0x00000000fcb80000,0x00000000fcb80000,0x00000000fe800000)
 ParOldGen       total 87552K, used 49292K [0x00000000c0000000, 0x00000000c5580000, 0x00000000eab00000)
  object space 87552K, 56% used [0x00000000c0000000,0x00000000c30233f0,0x00000000c5580000)
 Metaspace       used 6079K, capacity 7152K, committed 7296K, reserved 1056768K
  class space    used 577K, capacity 616K, committed 640K, reserved 1048576K

Card table byte_map: [0x0000000011360000,0x0000000011570000] byte_map_base: 0x0000000010d60000

Marking Bits: (ParMarkBitMap*) 0x0000000067064040
 Begin Bits: [0x0000000011ed0000, 0x0000000012ed0000)
 End Bits:   [0x0000000012ed0000, 0x0000000013ed0000)

Polling page: 0x0000000001c10000

CodeCache: size=245760Kb used=12475Kb max_used=12487Kb free=233284Kb
 bounds [0x0000000001fa0000, 0x0000000002bf0000, 0x0000000010fa0000]
 total_blobs=2524 nmethods=2259 adapters=178
 compilation: enabled

Compilation events (10 events):
Event: 11.958 Thread 0x0000000016ac2000 nmethod 2281 0x0000000002bd44d0 code [0x0000000002bd4780, 0x0000000002bd5da0]
Event: 11.958 Thread 0x0000000016ac2000 2282       4       com.android.dx.ssa.SsaMethod::<init> (50 bytes)
Event: 11.965 Thread 0x0000000016ac2000 nmethod 2282 0x0000000002b9aa10 code [0x0000000002b9ab80, 0x0000000002b9b138]
Event: 11.965 Thread 0x0000000016ac2000 2283       4       com.android.dx.ssa.SCCP::simulateStmt (481 bytes)
Event: 11.973 Thread 0x0000000016aba800 nmethod 2280 0x0000000002bdb890 code [0x0000000002bdbb00, 0x0000000002bde1e8]
Event: 11.973 Thread 0x0000000016aba800 2284       4       java.util.RegularEnumSet::remove (74 bytes)
Event: 11.974 Thread 0x0000000016ac2000 nmethod 2283 0x0000000002bd2d50 code [0x0000000002bd3020, 0x0000000002bd37d0]
Event: 11.974 Thread 0x0000000016aba800 nmethod 2284 0x0000000002b9bbd0 code [0x0000000002b9bd20, 0x0000000002b9be18]
Event: 11.975 Thread 0x0000000016ac2000 2285       4       com.android.dx.rop.code.InsnList::contentEquals (54 bytes)
Event: 11.978 Thread 0x0000000016ac2000 nmethod 2285 0x0000000002bbfc10 code [0x0000000002bbfd60, 0x0000000002bbfff8]

GC Heap History (10 events):
Event: 1.986 GC heap before
{Heap before GC invocations=1 (full 0):
 PSYoungGen      total 38400K, used 33280K [0x00000000eab00000, 0x00000000ed580000, 0x0000000100000000)
  eden space 33280K, 100% used [0x00000000eab00000,0x00000000ecb80000,0x00000000ecb80000)
  from space 5120K, 0% used [0x00000000ed080000,0x00000000ed080000,0x00000000ed580000)
  to   space 5120K, 0% used [0x00000000ecb80000,0x00000000ecb80000,0x00000000ed080000)
 ParOldGen       total 87552K, used 0K [0x00000000c0000000, 0x00000000c5580000, 0x00000000eab00000)
  object space 87552K, 0% used [0x00000000c0000000,0x00000000c0000000,0x00000000c5580000)
 Metaspace       used 5720K, capacity 6960K, committed 7040K, reserved 1056768K
  class space    used 555K, capacity 616K, committed 640K, reserved 1048576K
Event: 2.255 GC heap after
Heap after GC invocations=1 (full 0):
 PSYoungGen      total 38400K, used 5106K [0x00000000eab00000, 0x00000000ef600000, 0x0000000100000000)
  eden space 33280K, 0% used [0x00000000eab00000,0x00000000eab00000,0x00000000ecb80000)
  from space 5120K, 99% used [0x00000000ecb80000,0x00000000ed07cac0,0x00000000ed080000)
  to   space 5120K, 0% used [0x00000000ef100000,0x00000000ef100000,0x00000000ef600000)
 ParOldGen       total 87552K, used 1569K [0x00000000c0000000, 0x00000000c5580000, 0x00000000eab00000)
  object space 87552K, 1% used [0x00000000c0000000,0x00000000c01886a8,0x00000000c5580000)
 Metaspace       used 5720K, capacity 6960K, committed 7040K, reserved 1056768K
  class space    used 555K, capacity 616K, committed 640K, reserved 1048576K
}
Event: 4.212 GC heap before
{Heap before GC invocations=2 (full 0):
 PSYoungGen      total 38400K, used 38386K [0x00000000eab00000, 0x00000000ef600000, 0x0000000100000000)
  eden space 33280K, 100% used [0x00000000eab00000,0x00000000ecb80000,0x00000000ecb80000)
  from space 5120K, 99% used [0x00000000ecb80000,0x00000000ed07cac0,0x00000000ed080000)
  to   space 5120K, 0% used [0x00000000ef100000,0x00000000ef100000,0x00000000ef600000)
 ParOldGen       total 87552K, used 1569K [0x00000000c0000000, 0x00000000c5580000, 0x00000000eab00000)
  object space 87552K, 1% used [0x00000000c0000000,0x00000000c01886a8,0x00000000c5580000)
 Metaspace       used 5826K, capacity 7024K, committed 7296K, reserved 1056768K
  class space    used 556K, capacity 616K, committed 640K, reserved 1048576K
Event: 4.430 GC heap after
Heap after GC invocations=2 (full 0):
 PSYoungGen      total 71680K, used 5099K [0x00000000eab00000, 0x00000000ef600000, 0x0000000100000000)
  eden space 66560K, 0% used [0x00000000eab00000,0x00000000eab00000,0x00000000eec00000)
  from space 5120K, 99% used [0x00000000ef100000,0x00000000ef5fac88,0x00000000ef600000)
  to   space 5120K, 0% used [0x00000000eec00000,0x00000000eec00000,0x00000000ef100000)
 ParOldGen       total 87552K, used 5769K [0x00000000c0000000, 0x00000000c5580000, 0x00000000eab00000)
  object space 87552K, 6% used [0x00000000c0000000,0x00000000c05a2568,0x00000000c5580000)
 Metaspace       used 5826K, capacity 7024K, committed 7296K, reserved 1056768K
  class space    used 556K, capacity 616K, committed 640K, reserved 1048576K
}
Event: 7.813 GC heap before
{Heap before GC invocations=3 (full 0):
 PSYoungGen      total 71680K, used 71659K [0x00000000eab00000, 0x00000000ef600000, 0x0000000100000000)
  eden space 66560K, 100% used [0x00000000eab00000,0x00000000eec00000,0x00000000eec00000)
  from space 5120K, 99% used [0x00000000ef100000,0x00000000ef5fac88,0x00000000ef600000)
  to   space 5120K, 0% used [0x00000000eec00000,0x00000000eec00000,0x00000000ef100000)
 ParOldGen       total 87552K, used 5769K [0x00000000c0000000, 0x00000000c5580000, 0x00000000eab00000)
  object space 87552K, 6% used [0x00000000c0000000,0x00000000c05a2568,0x00000000c5580000)
 Metaspace       used 5996K, capacity 7088K, committed 7296K, reserved 1056768K
  class space    used 576K, capacity 616K, committed 640K, reserved 1048576K
Event: 8.018 GC heap after
Heap after GC invocations=3 (full 0):
 PSYoungGen      total 71680K, used 5116K [0x00000000eab00000, 0x00000000f3700000, 0x0000000100000000)
  eden space 66560K, 0% used [0x00000000eab00000,0x00000000eab00000,0x00000000eec00000)
  from space 5120K, 99% used [0x00000000eec00000,0x00000000ef0ff3e8,0x00000000ef100000)
  to   space 5120K, 0% used [0x00000000f3200000,0x00000000f3200000,0x00000000f3700000)
 ParOldGen       total 87552K, used 15785K [0x00000000c0000000, 0x00000000c5580000, 0x00000000eab00000)
  object space 87552K, 18% used [0x00000000c0000000,0x00000000c0f6a4f8,0x00000000c5580000)
 Metaspace       used 5996K, capacity 7088K, committed 7296K, reserved 1056768K
  class space    used 576K, capacity 616K, committed 640K, reserved 1048576K
}
Event: 9.073 GC heap before
{Heap before GC invocations=4 (full 0):
 PSYoungGen      total 71680K, used 71676K [0x00000000eab00000, 0x00000000f3700000, 0x0000000100000000)
  eden space 66560K, 100% used [0x00000000eab00000,0x00000000eec00000,0x00000000eec00000)
  from space 5120K, 99% used [0x00000000eec00000,0x00000000ef0ff3e8,0x00000000ef100000)
  to   space 5120K, 0% used [0x00000000f3200000,0x00000000f3200000,0x00000000f3700000)
 ParOldGen       total 87552K, used 15785K [0x00000000c0000000, 0x00000000c5580000, 0x00000000eab00000)
  object space 87552K, 18% used [0x00000000c0000000,0x00000000c0f6a4f8,0x00000000c5580000)
 Metaspace       used 6050K, capacity 7152K, committed 7296K, reserved 1056768K
  class space    used 576K, capacity 616K, committed 640K, reserved 1048576K
Event: 9.359 GC heap after
Heap after GC invocations=4 (full 0):
 PSYoungGen      total 138240K, used 5115K [0x00000000eab00000, 0x00000000f3700000, 0x0000000100000000)
  eden space 133120K, 0% used [0x00000000eab00000,0x00000000eab00000,0x00000000f2d00000)
  from space 5120K, 99% used [0x00000000f3200000,0x00000000f36feef8,0x00000000f3700000)
  to   space 5120K, 0% used [0x00000000f2d00000,0x00000000f2d00000,0x00000000f3200000)
 ParOldGen       total 87552K, used 27183K [0x00000000c0000000, 0x00000000c5580000, 0x00000000eab00000)
  object space 87552K, 31% used [0x00000000c0000000,0x00000000c1a8bc00,0x00000000c5580000)
 Metaspace       used 6050K, capacity 7152K, committed 7296K, reserved 1056768K
  class space    used 576K, capacity 616K, committed 640K, reserved 1048576K
}
Event: 10.661 GC heap before
{Heap before GC invocations=5 (full 0):
 PSYoungGen      total 138240K, used 138235K [0x00000000eab00000, 0x00000000f3700000, 0x0000000100000000)
  eden space 133120K, 100% used [0x00000000eab00000,0x00000000f2d00000,0x00000000f2d00000)
  from space 5120K, 99% used [0x00000000f3200000,0x00000000f36feef8,0x00000000f3700000)
  to   space 5120K, 0% used [0x00000000f2d00000,0x00000000f2d00000,0x00000000f3200000)
 ParOldGen       total 87552K, used 27183K [0x00000000c0000000, 0x00000000c5580000, 0x00000000eab00000)
  object space 87552K, 31% used [0x00000000c0000000,0x00000000c1a8bc00,0x00000000c5580000)
 Metaspace       used 6074K, capacity 7152K, committed 7296K, reserved 1056768K
  class space    used 576K, capacity 616K, committed 640K, reserved 1048576K
Event: 10.774 GC heap after
Heap after GC invocations=5 (full 0):
 PSYoungGen      total 138240K, used 5099K [0x00000000eab00000, 0x00000000fe800000, 0x0000000100000000)
  eden space 133120K, 0% used [0x00000000eab00000,0x00000000eab00000,0x00000000f2d00000)
  from space 5120K, 99% used [0x00000000f2d00000,0x00000000f31fae78,0x00000000f3200000)
  to   space 29184K, 0% used [0x00000000fcb80000,0x00000000fcb80000,0x00000000fe800000)
 ParOldGen       total 87552K, used 49292K [0x00000000c0000000, 0x00000000c5580000, 0x00000000eab00000)
  object space 87552K, 56% used [0x00000000c0000000,0x00000000c30233f0,0x00000000c5580000)
 Metaspace       used 6074K, capacity 7152K, committed 7296K, reserved 1056768K
  class space    used 576K, capacity 616K, committed 640K, reserved 1048576K
}

Deoptimization events (10 events):
Event: 9.824 Thread 0x0000000001ea0800 Uncommon trap: reason=bimorphic action=maybe_recompile pc=0x00000000028f50c8 method=com.android.dx.cf.code.BytecodeArray.parseInstruction(ILcom/android/dx/cf/code/BytecodeArray$Visitor;)I @ 955
Event: 9.824 Thread 0x0000000001ea0800 Uncommon trap: reason=bimorphic action=maybe_recompile pc=0x00000000028f50c8 method=com.android.dx.cf.code.BytecodeArray.parseInstruction(ILcom/android/dx/cf/code/BytecodeArray$Visitor;)I @ 955
Event: 10.569 Thread 0x0000000001ea0800 Uncommon trap: reason=bimorphic action=maybe_recompile pc=0x0000000002b47f44 method=com.android.dx.cf.code.BytecodeArray.parseInstruction(ILcom/android/dx/cf/code/BytecodeArray$Visitor;)I @ 971
Event: 10.569 Thread 0x0000000001ea0800 Uncommon trap: reason=bimorphic action=maybe_recompile pc=0x0000000002b47f44 method=com.android.dx.cf.code.BytecodeArray.parseInstruction(ILcom/android/dx/cf/code/BytecodeArray$Visitor;)I @ 971
Event: 11.301 Thread 0x0000000001ea0800 Uncommon trap: reason=bimorphic action=maybe_recompile pc=0x0000000002b7de88 method=com.android.dx.cf.code.BytecodeArray.parseInstruction(ILcom/android/dx/cf/code/BytecodeArray$Visitor;)I @ 1161
Event: 11.301 Thread 0x0000000001ea0800 Uncommon trap: reason=bimorphic action=maybe_recompile pc=0x0000000002b7db24 method=com.android.dx.cf.code.BytecodeArray.parseInstruction(ILcom/android/dx/cf/code/BytecodeArray$Visitor;)I @ 987
Event: 11.301 Thread 0x0000000001ea0800 Uncommon trap: reason=bimorphic action=maybe_recompile pc=0x0000000002b7de88 method=com.android.dx.cf.code.BytecodeArray.parseInstruction(ILcom/android/dx/cf/code/BytecodeArray$Visitor;)I @ 1161
Event: 11.711 Thread 0x0000000001ea0800 Uncommon trap: reason=unstable_if action=reinterpret pc=0x00000000026f50b4 method=com.android.dx.ssa.SCCP.simulateBranch(Lcom/android/dx/ssa/SsaInsn;)V @ 548
Event: 11.711 Thread 0x0000000001ea0800 Uncommon trap: reason=unstable_if action=reinterpret pc=0x00000000027f4730 method=com.android.dx.ssa.SCCP.simulateStmt(Lcom/android/dx/ssa/SsaInsn;)V @ 435
Event: 11.713 Thread 0x0000000001ea0800 Uncommon trap: reason=unstable_if action=reinterpret pc=0x00000000028daeb8 method=com.android.dx.ssa.SCCP.replaceBranches()V @ 14

Internal exceptions (8 events):
Event: 0.036 Thread 0x0000000001ea0800 Exception <a 'java/lang/NoSuchMethodError': Method sun.misc.Unsafe.defineClass(Ljava/lang/String;[BII)Ljava/lang/Class; name or signature does not match> (0x00000000eab0d480) thrown at [C:\re\workspace\8-2-build-windows-amd64-cygwin\jdk8u51\3951\hotspot\srd·–þ¦¢?
Event: 0.036 Thread 0x0000000001ea0800 Exception <a 'java/lang/NoSuchMethodError': Method sun.misc.Unsafe.prefetchRead(Ljava/lang/Object;J)V name or signature does not match> (0x00000000eab0d710) thrown at [C:\re\workspace\8-2-build-windows-amd64-cygwin\jdk8u51\3951\hotspot\src\share\vm\prims\jV5®´ý@
Event: 4.498 Thread 0x0000000001ea0800 Exception <a 'java/lang/ArrayIndexOutOfBoundsException': 18> (0x00000000eacd8d00) thrown at [C:\re\workspace\8-2-build-windows-amd64-cygwin\jdk8u51\3951\hotspot\src\share\vm\interpreter\interpreterRuntime.cpp, line 366]
Event: 4.575 Thread 0x0000000001ea0800 Exception <a 'java/lang/ArrayIndexOutOfBoundsException': 145> (0x00000000eb3b76a8) thrown at [C:\re\workspace\8-2-build-windows-amd64-cygwin\jdk8u51\3951\hotspot\src\share\vm\interpreter\interpreterRuntime.cpp, line 366]
Event: 4.576 Thread 0x0000000001ea0800 Exception <a 'java/lang/ArrayIndexOutOfBoundsException'> (0x00000000eb3b88e0) thrown at [C:\re\workspace\8-2-build-windows-amd64-cygwin\jdk8u51\3951\hotspot\src\share\vm\runtime\sharedRuntime.cpp, line 605]
Event: 4.579 Thread 0x0000000001ea0800 Implicit null exception at 0x00000000026240e5 to 0x0000000002627f69
Event: 4.590 Thread 0x0000000001ea0800 Implicit null exception at 0x00000000025f7824 to 0x00000000025fafd9
Event: 8.446 Thread 0x0000000001ea0800 Implicit null exception at 0x00000000024ef41b to 0x00000000024f0cb1

Events (10 events):
Event: 11.711 Thread 0x0000000001ea0800 DEOPT PACKING pc=0x00000000026f50b4 sp=0x0000000001d9e470
Event: 11.711 Thread 0x0000000001ea0800 DEOPT UNPACKING pc=0x0000000001fe582a sp=0x0000000001d9e478 mode 2
Event: 11.711 Thread 0x0000000001ea0800 Uncommon trap: trap_request=0xffffff65 fr.pc=0x00000000027f4730
Event: 11.711 Thread 0x0000000001ea0800 DEOPT PACKING pc=0x00000000027f4730 sp=0x0000000001d9e560
Event: 11.711 Thread 0x0000000001ea0800 DEOPT UNPACKING pc=0x0000000001fe582a sp=0x0000000001d9e4d8 mode 2
Event: 11.713 Thread 0x0000000001ea0800 Uncommon trap: trap_request=0xffffff65 fr.pc=0x00000000028daeb8
Event: 11.713 Thread 0x0000000001ea0800 DEOPT PACKING pc=0x00000000028daeb8 sp=0x0000000001d9e5b0
Event: 11.713 Thread 0x0000000001ea0800 DEOPT UNPACKING pc=0x0000000001fe582a sp=0x0000000001d9e508 mode 2
Event: 11.733 loading class com/android/dx/ssa/Dominators$1
Event: 11.733 loading class com/android/dx/ssa/Dominators$1 done


Dynamic libraries:
0x00007ff73b850000 - 0x00007ff73b887000 	C:\Program Files\Java\jdk1.8.0_51\bin\java.exe
0x00007ffef4420000 - 0x00007ffef45cc000 	C:\Windows\SYSTEM32\ntdll.dll
0x00007ffef2090000 - 0x00007ffef21ca000 	C:\Windows\system32\KERNEL32.DLL
0x00007ffef1ae0000 - 0x00007ffef1bef000 	C:\Windows\system32\KERNELBASE.dll
0x00007ffef0380000 - 0x00007ffef0408000 	C:\Windows\system32\apphelp.dll
0x00007ffededa0000 - 0x00007ffededef000 	C:\Windows\AppPatch\AppPatch64\AcGenral.DLL
0x00007ffef1e50000 - 0x00007ffef1ef7000 	C:\Windows\system32\msvcrt.dll
0x00007ffef1640000 - 0x00007ffef166b000 	C:\Windows\SYSTEM32\SspiCli.dll
0x00007ffef1ca0000 - 0x00007ffef1cf1000 	C:\Windows\system32\SHLWAPI.dll
0x00007ffef40a0000 - 0x00007ffef4211000 	C:\Windows\system32\USER32.dll
0x00007ffef2320000 - 0x00007ffef2498000 	C:\Windows\system32\ole32.dll
0x00007ffef2a20000 - 0x00007ffef3e2f000 	C:\Windows\system32\SHELL32.dll
0x00007ffef0ef0000 - 0x00007ffef0f0e000 	C:\Windows\SYSTEM32\USERENV.dll
0x00007ffef26f0000 - 0x00007ffef2795000 	C:\Windows\system32\ADVAPI32.dll
0x00007ffeea870000 - 0x00007ffeea88b000 	C:\Windows\SYSTEM32\MPR.dll
0x00007ffef27a0000 - 0x00007ffef28d7000 	C:\Windows\system32\RPCRT4.dll
0x00007ffef4220000 - 0x00007ffef4277000 	C:\Windows\SYSTEM32\sechost.dll
0x00007ffef2510000 - 0x00007ffef26e6000 	C:\Windows\SYSTEM32\combase.dll
0x00007ffef21d0000 - 0x00007ffef2314000 	C:\Windows\system32\GDI32.dll
0x00007ffef1790000 - 0x00007ffef17a4000 	C:\Windows\SYSTEM32\profapi.dll
0x00007ffeefb80000 - 0x00007ffeefc1f000 	C:\Windows\SYSTEM32\SHCORE.dll
0x00007ffef1e10000 - 0x00007ffef1e44000 	C:\Windows\system32\IMM32.DLL
0x00007ffef28e0000 - 0x00007ffef2a19000 	C:\Windows\system32\MSCTF.dll
0x00007ffeeeff0000 - 0x00007ffeef24a000 	C:\Windows\WinSxS\amd64_microsoft.windows.common-controls_6595b64144ccf1df_6.0.9600.17031_none_6242a4b3ecbb55a1\COMCTL32.dll
0x0000000066420000 - 0x00000000664f2000 	C:\Program Files\Java\jdk1.8.0_51\jre\bin\msvcr100.dll
0x0000000066860000 - 0x00000000670e3000 	C:\Program Files\Java\jdk1.8.0_51\jre\bin\server\jvm.dll
0x00007ffee04b0000 - 0x00007ffee04b9000 	C:\Windows\SYSTEM32\WSOCK32.dll
0x00007ffee9050000 - 0x00007ffee906f000 	C:\Windows\SYSTEM32\WINMM.dll
0x00007ffeef520000 - 0x00007ffeef52a000 	C:\Windows\SYSTEM32\VERSION.dll
0x00007ffef1fb0000 - 0x00007ffef1fb7000 	C:\Windows\system32\PSAPI.DLL
0x00007ffef1d00000 - 0x00007ffef1d58000 	C:\Windows\system32\WS2_32.dll
0x00007ffee8d10000 - 0x00007ffee8d3a000 	C:\Windows\SYSTEM32\WINMMBASE.dll
0x00007ffef4090000 - 0x00007ffef4099000 	C:\Windows\system32\NSI.dll
0x00007ffef1a90000 - 0x00007ffef1ada000 	C:\Windows\SYSTEM32\cfgmgr32.dll
0x00007ffef05f0000 - 0x00007ffef0616000 	C:\Windows\SYSTEM32\DEVOBJ.dll
0x0000000068950000 - 0x000000006895f000 	C:\Program Files\Java\jdk1.8.0_51\jre\bin\verify.dll
0x0000000066830000 - 0x0000000066859000 	C:\Program Files\Java\jdk1.8.0_51\jre\bin\java.dll
0x0000000068760000 - 0x0000000068776000 	C:\Program Files\Java\jdk1.8.0_51\jre\bin\zip.dll

VM Arguments:
jvm_args: -Xmx1024M -Dfile.encoding=windows-1252 -Duser.country=AU -Duser.language=en -Duser.variant 
java_command: com.android.dx.command.Main --dex --output C:\Android_Dev\WheeledWalks\app\build\intermediates\pre-dexed\debug\classes-1023d6eed8d0d1da8689b3e3d7ee970f2fc0fda5.jar C:\Android_Dev\WheeledWalks\app\build\intermediates\exploded-aar\com.android.support\support-v4\23.0.1\jars\classes.jar
java_class_path (initial): C:\Users\David\AppData\Local\Android\sdk\build-tools\22.0.1\lib\dx.jar
Launcher Type: SUN_STANDARD

Environment Variables:
PATH=C:\ProgramData\Oracle\Java\javapath;C:\Program Files (x86)\Intel\iCLS Client\;C:\Program Files\Intel\iCLS Client\;C:\Windows\system32;C:\Windows;C:\Windows\System32\Wbem;C:\Windows\System32\WindowsPowerShell\v1.0\;C:\Program Files\Intel\Intel(R) Management Engine Components\DAL;C:\Program Files (x86)\Intel\Intel(R) Management Engine Components\DAL;C:\Program Files\Intel\Intel(R) Management Engine Components\IPT;C:\Program Files (x86)\Intel\Intel(R) Management Engine Components\IPT;C:\Program Files (x86)\ATI Technologies\ATI.ACE\Core-Static;C:\Program Files (x86)\Windows Kits\8.1\Windows Performance Toolkit\;C:\Program Files\Microsoft SQL Server\110\Tools\Binn\;C:\Program Files (x86)\Microsoft SDKs\TypeScript\1.0\;C:\Program Files\Microsoft SQL Server\120\Tools\Binn\;C:\Program Files\TortoiseGit\bin
USERNAME=David
OS=Windows_NT
PROCESSOR_IDENTIFIER=Intel64 Family 6 Model 60 Stepping 3, GenuineIntel



---------------  S Y S T E M  ---------------

OS: Windows 8.1 , 64 bit Build 9600 (6.3.9600.17056)

CPU:total 8 (4 cores per cpu, 2 threads per core) family 6 model 60 stepping 3, cmov, cx8, fxsr, mmx, sse, sse2, sse3, ssse3, sse4.1, sse4.2, popcnt, avx, avx2, aes, clmul, erms, rtm, lzcnt, ht, tsc, tscinvbit, bmi1, bmi2

Memory: 4k page, physical 8320748k(1811892k free), swap 9369324k(5160k free)

vm_info: Java HotSpot(TM) 64-Bit Server VM (25.51-b03) for windows-amd64 JRE (1.8.0_51-b16), built on Jun  8 2015 18:03:07 by "java_re" with MS VC++ 10.0 (VS2010)

time: Tue Oct 06 09:18:33 2015
elapsed time: 12 seconds (0d 0h 0m 12s)

