#
# There is insufficient memory for the Java Runtime Environment to continue.
# Native memory allocation (malloc) failed to allocate 808816 bytes for Chunk::new
# Possible reasons:
#   The system is out of physical RAM or swap space
#   In 32 bit mode, the process size limit was hit
# Possible solutions:
#   Reduce memory load on the system
#   Increase physical memory or swap space
#   Check if swap backing store is full
#   Use 64 bit Java on a 64 bit OS
#   Decrease Java heap size (-Xmx/-Xms)
#   Decrease number of Java threads
#   Decrease Java thread stack sizes (-Xss)
#   Set larger code cache with -XX:ReservedCodeCacheSize=
# This output file may be truncated or incomplete.
#
#  Out of Memory Error (allocation.cpp:390), pid=5548, tid=4776
#
# JRE version: Java(TM) SE Runtime Environment (8.0_51-b16) (build 1.8.0_51-b16)
# Java VM: Java HotSpot(TM) 64-Bit Server VM (25.51-b03 mixed mode windows-amd64 compressed oops)
# Failed to write core dump. Minidumps are not enabled by default on client versions of Windows
#

---------------  T H R E A D  ---------------

Current thread (0x0000000017663000):  JavaThread "C2 CompilerThread0" daemon [_thread_in_native, id=4776, stack(0x0000000017c30000,0x0000000017d30000)]

Stack: [0x0000000017c30000,0x0000000017d30000]
Native frames: (J=compiled Java code, j=interpreted, Vv=VM code, C=native code)
V  [jvm.dll+0x32b4ca]
V  [jvm.dll+0x2797e3]
V  [jvm.dll+0x27a479]
V  [jvm.dll+0x271765]
V  [jvm.dll+0xcba02]
V  [jvm.dll+0xcbecc]
V  [jvm.dll+0x476f72]
V  [jvm.dll+0x4b95ff]
V  [jvm.dll+0x46c011]
V  [jvm.dll+0x46cd4e]
V  [jvm.dll+0x4501a2]
V  [jvm.dll+0xa43a2]
V  [jvm.dll+0xa4cdf]
V  [jvm.dll+0x2418a4]
V  [jvm.dll+0x29846a]
C  [msvcr100.dll+0x21d9f]
C  [msvcr100.dll+0x21e3b]
C  [KERNEL32.DLL+0x16ad]
C  [ntdll.dll+0x6eb64]


Current CompileTask:
C2:   1822 1330       4       com.android.dx.ssa.LocalVariableExtractor::processBlock (383 bytes)


---------------  P R O C E S S  ---------------

Java Threads: ( => current thread )
  0x00000000176c5800 JavaThread "Service Thread" daemon [_thread_blocked, id=6268, stack(0x0000000018030000,0x0000000018130000)]
  0x00000000176bd000 JavaThread "C1 CompilerThread3" daemon [_thread_in_native, id=5300, stack(0x0000000017f30000,0x0000000018030000)]
  0x00000000176ba800 JavaThread "C2 CompilerThread2" daemon [_thread_in_native, id=6080, stack(0x0000000017e30000,0x0000000017f30000)]
  0x00000000176b0000 JavaThread "C2 CompilerThread1" daemon [_thread_in_native, id=1892, stack(0x0000000017d30000,0x0000000017e30000)]
=>0x0000000017663000 JavaThread "C2 CompilerThread0" daemon [_thread_in_native, id=4776, stack(0x0000000017c30000,0x0000000017d30000)]
  0x0000000017661800 JavaThread "Attach Listener" daemon [_thread_blocked, id=6416, stack(0x0000000017b30000,0x0000000017c30000)]
  0x0000000017660800 JavaThread "Signal Dispatcher" daemon [_thread_blocked, id=6952, stack(0x0000000017a30000,0x0000000017b30000)]
  0x0000000002b23000 JavaThread "Finalizer" daemon [_thread_blocked, id=5536, stack(0x0000000017530000,0x0000000017630000)]
  0x0000000002b22000 JavaThread "Reference Handler" daemon [_thread_blocked, id=6216, stack(0x0000000017430000,0x0000000017530000)]
  0x0000000002a30800 JavaThread "main" [_thread_in_Java, id=3092, stack(0x00000000011b0000,0x00000000012b0000)]

Other Threads:
  0x0000000015669800 VMThread [stack: 0x0000000017330000,0x0000000017430000] [id=5252]
  0x00000000176c6000 WatcherThread [stack: 0x0000000018130000,0x0000000018230000] [id=1792]

VM state:not at safepoint (normal execution)

VM Mutex/Monitor currently owned by a thread:  ([mutex/lock_event])
[0x000000000109bae0] CodeCache_lock - owner thread: 0x00000000176bd000
[0x000000000109e1c0] Compile_lock - owner thread: 0x00000000176bd000
[0x000000000109d6c0] MethodCompileQueue_lock - owner thread: 0x00000000176bd000

Heap:
 PSYoungGen      total 38400K, used 23871K [0x00000000eab00000, 0x00000000ef600000, 0x0000000100000000)
  eden space 33280K, 56% used [0x00000000eab00000,0x00000000ebd56018,0x00000000ecb80000)
  from space 5120K, 99% used [0x00000000ecb80000,0x00000000ed079c98,0x00000000ed080000)
  to   space 5120K, 0% used [0x00000000ef100000,0x00000000ef100000,0x00000000ef600000)
 ParOldGen       total 87552K, used 1688K [0x00000000c0000000, 0x00000000c5580000, 0x00000000eab00000)
  object space 87552K, 1% used [0x00000000c0000000,0x00000000c01a6310,0x00000000c5580000)
 Metaspace       used 5738K, capacity 7024K, committed 7296K, reserved 1056768K
  class space    used 554K, capacity 616K, committed 640K, reserved 1048576K

Card table byte_map: [0x0000000011ef0000,0x0000000012100000] byte_map_base: 0x00000000118f0000

Marking Bits: (ParMarkBitMap*) 0x0000000067064040
 Begin Bits: [0x0000000012a60000, 0x0000000013a60000)
 End Bits:   [0x0000000013a60000, 0x0000000014a60000)

Polling page: 0x00000000010a0000

CodeCache: size=245760Kb used=6285Kb max_used=6285Kb free=239474Kb
 bounds [0x0000000002b30000, 0x0000000003160000, 0x0000000011b30000]
 total_blobs=1715 nmethods=1450 adapters=178
 compilation: enabled

Compilation events (10 events):
Event: 1.798 Thread 0x00000000176bd000 1439       3       com.android.dx.util.Hex::u2 (44 bytes)
Event: 1.798 Thread 0x00000000176bd000 nmethod 1439 0x0000000003136a10 code [0x0000000003136bc0, 0x0000000003137238]
Event: 1.799 Thread 0x00000000176bd000 1440       3       com.android.dx.cf.direct.FieldListParser::set (30 bytes)
Event: 1.800 Thread 0x00000000176bd000 nmethod 1440 0x000000000313ae90 code [0x000000000313b080, 0x000000000313bb18]
Event: 1.800 Thread 0x00000000176bd000 1441       3       com.android.dx.cf.iface.StdField::<init> (10 bytes)
Event: 1.800 Thread 0x00000000176bd000 nmethod 1441 0x0000000003135710 code [0x0000000003135880, 0x0000000003135a08]
Event: 1.800 Thread 0x00000000176bd000 1442       3       com.android.dx.cf.iface.StdFieldList::get (9 bytes)
Event: 1.801 Thread 0x00000000176bd000 nmethod 1442 0x00000000031364d0 code [0x0000000003136640, 0x0000000003136948]
Event: 1.803 Thread 0x00000000176bd000 1443       1       com.android.dx.rop.cst.CstKnownNull::getType (4 bytes)
Event: 1.803 Thread 0x00000000176bd000 nmethod 1443 0x00000000030b4290 code [0x00000000030b43e0, 0x00000000030b44f0]

GC Heap History (2 events):
Event: 1.454 GC heap before
{Heap before GC invocations=1 (full 0):
 PSYoungGen      total 38400K, used 33280K [0x00000000eab00000, 0x00000000ed580000, 0x0000000100000000)
  eden space 33280K, 100% used [0x00000000eab00000,0x00000000ecb80000,0x00000000ecb80000)
  from space 5120K, 0% used [0x00000000ed080000,0x00000000ed080000,0x00000000ed580000)
  to   space 5120K, 0% used [0x00000000ecb80000,0x00000000ecb80000,0x00000000ed080000)
 ParOldGen       total 87552K, used 0K [0x00000000c0000000, 0x00000000c5580000, 0x00000000eab00000)
  object space 87552K, 0% used [0x00000000c0000000,0x00000000c0000000,0x00000000c5580000)
 Metaspace       used 5691K, capacity 6960K, committed 7040K, reserved 1056768K
  class space    used 554K, capacity 616K, committed 640K, reserved 1048576K
Event: 1.666 GC heap after
Heap after GC invocations=1 (full 0):
 PSYoungGen      total 38400K, used 5095K [0x00000000eab00000, 0x00000000ef600000, 0x0000000100000000)
  eden space 33280K, 0% used [0x00000000eab00000,0x00000000eab00000,0x00000000ecb80000)
  from space 5120K, 99% used [0x00000000ecb80000,0x00000000ed079c98,0x00000000ed080000)
  to   space 5120K, 0% used [0x00000000ef100000,0x00000000ef100000,0x00000000ef600000)
 ParOldGen       total 87552K, used 1688K [0x00000000c0000000, 0x00000000c5580000, 0x00000000eab00000)
  object space 87552K, 1% used [0x00000000c0000000,0x00000000c01a6310,0x00000000c5580000)
 Metaspace       used 5691K, capacity 6960K, committed 7040K, reserved 1056768K
  class space    used 554K, capacity 616K, committed 640K, reserved 1048576K
}

Deoptimization events (7 events):
Event: 0.924 Thread 0x0000000002a30800 Uncommon trap: reason=null_check action=make_not_entrant pc=0x0000000002e6fcd0 method=com.android.dx.ssa.SsaRenamer.getLocalForNewReg(I)Lcom/android/dx/rop/code/LocalItem; @ 19
Event: 1.169 Thread 0x0000000002a30800 Uncommon trap: reason=unstable_if action=reinterpret pc=0x0000000002d69bb4 method=java.util.BitSet.ensureCapacity(I)V @ 6
Event: 1.283 Thread 0x0000000002a30800 Uncommon trap: reason=unstable_if action=reinterpret pc=0x0000000002e872b0 method=com.android.dx.ssa.SsaRenamer$BlockRenamer.addMapping(ILcom/android/dx/rop/code/RegisterSpec;)V @ 120
Event: 1.433 Thread 0x0000000002a30800 Uncommon trap: reason=unstable_if action=reinterpret pc=0x0000000002dd5b5c method=com.android.dx.rop.cst.Constant.compareTo(Lcom/android/dx/rop/cst/Constant;)I @ 12
Event: 1.441 Thread 0x0000000002a30800 Uncommon trap: reason=unstable_if action=reinterpret pc=0x0000000002f03038 method=com.android.dx.cf.code.Ropper.labelToResultIndex(I)I @ 34
Event: 1.692 Thread 0x0000000002a30800 Uncommon trap: reason=unstable_if action=reinterpret pc=0x0000000003083968 method=com.android.dx.cf.code.BytecodeArray.parseInstruction(ILcom/android/dx/cf/code/BytecodeArray$Visitor;)I @ 1198
Event: 1.732 Thread 0x0000000002a30800 Uncommon trap: reason=unstable_if action=reinterpret pc=0x0000000002ffd798 method=com.android.dx.util.LabeledList.set(ILcom/android/dx/util/LabeledItem;)V @ 16

Internal exceptions (3 events):
Event: 0.241 Thread 0x0000000002a30800 Exception <a 'java/lang/NoSuchMethodError': Method sun.misc.Unsafe.defineClass(Ljava/lang/String;[BII)Ljava/lang/Class; name or signature does not match> (0x00000000eab0d488) thrown at [C:\re\workspace\8-2-build-windows-amd64-cygwin\jdk8u51\3951\hotspot\sr^ß+ÞsÜÎ?
Event: 0.241 Thread 0x0000000002a30800 Exception <a 'java/lang/NoSuchMethodError': Method sun.misc.Unsafe.prefetchRead(Ljava/lang/Object;J)V name or signature does not match> (0x00000000eab0d718) thrown at [C:\re\workspace\8-2-build-windows-amd64-cygwin\jdk8u51\3951\hotspot\src\share\vm\prims\jÍæ£Îù‘í?
Event: 0.924 Thread 0x0000000002a30800 Implicit null exception at 0x0000000002e6d698 to 0x0000000002e6fc85

Events (10 events):
Event: 1.441 Thread 0x0000000002a30800 DEOPT PACKING pc=0x0000000002f03038 sp=0x00000000012ae580
Event: 1.441 Thread 0x0000000002a30800 DEOPT UNPACKING pc=0x0000000002b7582a sp=0x00000000012ae528 mode 2
Event: 1.454 Executing VM operation: ParallelGCFailedAllocation
Event: 1.666 Executing VM operation: ParallelGCFailedAllocation done
Event: 1.692 Thread 0x0000000002a30800 Uncommon trap: trap_request=0xffffff65 fr.pc=0x0000000003083968
Event: 1.692 Thread 0x0000000002a30800 DEOPT PACKING pc=0x0000000003083968 sp=0x00000000012ae5f0
Event: 1.692 Thread 0x0000000002a30800 DEOPT UNPACKING pc=0x0000000002b7582a sp=0x00000000012ae588 mode 2
Event: 1.732 Thread 0x0000000002a30800 Uncommon trap: trap_request=0xffffff65 fr.pc=0x0000000002ffd798
Event: 1.732 Thread 0x0000000002a30800 DEOPT PACKING pc=0x0000000002ffd798 sp=0x00000000012ae410
Event: 1.732 Thread 0x0000000002a30800 DEOPT UNPACKING pc=0x0000000002b7582a sp=0x00000000012ae3f8 mode 2


Dynamic libraries:
0x00007ff73b850000 - 0x00007ff73b887000 	C:\Program Files\Java\jdk1.8.0_51\bin\java.exe
0x00007ffef4420000 - 0x00007ffef45cc000 	C:\Windows\SYSTEM32\ntdll.dll
0x00007ffef2090000 - 0x00007ffef21ca000 	C:\Windows\system32\KERNEL32.DLL
0x00007ffef1ae0000 - 0x00007ffef1bef000 	C:\Windows\system32\KERNELBASE.dll
0x00007ffef0380000 - 0x00007ffef0408000 	C:\Windows\system32\apphelp.dll
0x00007ffededa0000 - 0x00007ffededef000 	C:\Windows\AppPatch\AppPatch64\AcGenral.DLL
0x00007ffef1e50000 - 0x00007ffef1ef7000 	C:\Windows\system32\msvcrt.dll
0x00007ffef1640000 - 0x00007ffef166b000 	C:\Windows\SYSTEM32\SspiCli.dll
0x00007ffef1ca0000 - 0x00007ffef1cf1000 	C:\Windows\system32\SHLWAPI.dll
0x00007ffef40a0000 - 0x00007ffef4211000 	C:\Windows\system32\USER32.dll
0x00007ffef2320000 - 0x00007ffef2498000 	C:\Windows\system32\ole32.dll
0x00007ffef2a20000 - 0x00007ffef3e2f000 	C:\Windows\system32\SHELL32.dll
0x00007ffef0ef0000 - 0x00007ffef0f0e000 	C:\Windows\SYSTEM32\USERENV.dll
0x00007ffef26f0000 - 0x00007ffef2795000 	C:\Windows\system32\ADVAPI32.dll
0x00007ffeea870000 - 0x00007ffeea88b000 	C:\Windows\SYSTEM32\MPR.dll
0x00007ffef27a0000 - 0x00007ffef28d7000 	C:\Windows\system32\RPCRT4.dll
0x00007ffef4220000 - 0x00007ffef4277000 	C:\Windows\SYSTEM32\sechost.dll
0x00007ffef2510000 - 0x00007ffef26e6000 	C:\Windows\SYSTEM32\combase.dll
0x00007ffef21d0000 - 0x00007ffef2314000 	C:\Windows\system32\GDI32.dll
0x00007ffef1790000 - 0x00007ffef17a4000 	C:\Windows\SYSTEM32\profapi.dll
0x00007ffeefb80000 - 0x00007ffeefc1f000 	C:\Windows\SYSTEM32\SHCORE.dll
0x00007ffef1e10000 - 0x00007ffef1e44000 	C:\Windows\system32\IMM32.DLL
0x00007ffef28e0000 - 0x00007ffef2a19000 	C:\Windows\system32\MSCTF.dll
0x00007ffeeeff0000 - 0x00007ffeef24a000 	C:\Windows\WinSxS\amd64_microsoft.windows.common-controls_6595b64144ccf1df_6.0.9600.17031_none_6242a4b3ecbb55a1\COMCTL32.dll
0x0000000066420000 - 0x00000000664f2000 	C:\Program Files\Java\jdk1.8.0_51\jre\bin\msvcr100.dll
0x0000000066860000 - 0x00000000670e3000 	C:\Program Files\Java\jdk1.8.0_51\jre\bin\server\jvm.dll
0x00007ffee04b0000 - 0x00007ffee04b9000 	C:\Windows\SYSTEM32\WSOCK32.dll
0x00007ffee9050000 - 0x00007ffee906f000 	C:\Windows\SYSTEM32\WINMM.dll
0x00007ffeef520000 - 0x00007ffeef52a000 	C:\Windows\SYSTEM32\VERSION.dll
0x00007ffef1fb0000 - 0x00007ffef1fb7000 	C:\Windows\system32\PSAPI.DLL
0x00007ffef1d00000 - 0x00007ffef1d58000 	C:\Windows\system32\WS2_32.dll
0x00007ffee8d10000 - 0x00007ffee8d3a000 	C:\Windows\SYSTEM32\WINMMBASE.dll
0x00007ffef4090000 - 0x00007ffef4099000 	C:\Windows\system32\NSI.dll
0x00007ffef1a90000 - 0x00007ffef1ada000 	C:\Windows\SYSTEM32\cfgmgr32.dll
0x00007ffef05f0000 - 0x00007ffef0616000 	C:\Windows\SYSTEM32\DEVOBJ.dll
0x0000000068950000 - 0x000000006895f000 	C:\Program Files\Java\jdk1.8.0_51\jre\bin\verify.dll
0x0000000066830000 - 0x0000000066859000 	C:\Program Files\Java\jdk1.8.0_51\jre\bin\java.dll
0x0000000068760000 - 0x0000000068776000 	C:\Program Files\Java\jdk1.8.0_51\jre\bin\zip.dll
0x00007ffee8880000 - 0x00007ffee8a08000 	C:\Windows\SYSTEM32\dbghelp.dll

VM Arguments:
jvm_args: -Xmx1024M -Dfile.encoding=windows-1252 -Duser.country=AU -Duser.language=en -Duser.variant 
java_command: com.android.dx.command.Main --dex --output C:\Android_Dev\WheeledWalks\app\build\intermediates\pre-dexed\debug\classes-20f210f7135a5c10ba22694e7de6e14e1d379dfb.jar C:\Android_Dev\WheeledWalks\app\build\intermediates\exploded-aar\com.android.support\mediarouter-v7\22.2.0\jars\classes.jar
java_class_path (initial): C:\Users\David\AppData\Local\Android\sdk\build-tools\22.0.1\lib\dx.jar
Launcher Type: SUN_STANDARD

Environment Variables:
PATH=C:\ProgramData\Oracle\Java\javapath;C:\Program Files (x86)\Intel\iCLS Client\;C:\Program Files\Intel\iCLS Client\;C:\Windows\system32;C:\Windows;C:\Windows\System32\Wbem;C:\Windows\System32\WindowsPowerShell\v1.0\;C:\Program Files\Intel\Intel(R) Management Engine Components\DAL;C:\Program Files (x86)\Intel\Intel(R) Management Engine Components\DAL;C:\Program Files\Intel\Intel(R) Management Engine Components\IPT;C:\Program Files (x86)\Intel\Intel(R) Management Engine Components\IPT;C:\Program Files (x86)\ATI Technologies\ATI.ACE\Core-Static;C:\Program Files (x86)\Windows Kits\8.1\Windows Performance Toolkit\;C:\Program Files\Microsoft SQL Server\110\Tools\Binn\;C:\Program Files (x86)\Microsoft SDKs\TypeScript\1.0\;C:\Program Files\Microsoft SQL Server\120\Tools\Binn\;C:\Program Files\TortoiseGit\bin
USERNAME=David
OS=Windows_NT
PROCESSOR_IDENTIFIER=Intel64 Family 6 Model 60 Stepping 3, GenuineIntel



---------------  S Y S T E M  ---------------

OS: Windows 8.1 , 64 bit Build 9600 (6.3.9600.17056)

CPU:total 8 (4 cores per cpu, 2 threads per core) family 6 model 60 stepping 3, cmov, cx8, fxsr, mmx, sse, sse2, sse3, ssse3, sse4.1, sse4.2, popcnt, avx, avx2, aes, clmul, erms, rtm, lzcnt, ht, tsc, tscinvbit, bmi1, bmi2

Memory: 4k page, physical 8320748k(1819448k free), swap 9369324k(7632k free)

vm_info: Java HotSpot(TM) 64-Bit Server VM (25.51-b03) for windows-amd64 JRE (1.8.0_51-b16), built on Jun  8 2015 18:03:07 by "java_re" with MS VC++ 10.0 (VS2010)

time: Tue Oct 06 09:18:33 2015
elapsed time: 1 seconds (0d 0h 0m 1s)

