#
# There is insufficient memory for the Java Runtime Environment to continue.
# Native memory allocation (malloc) failed to allocate 782816 bytes for Chunk::new
# Possible reasons:
#   The system is out of physical RAM or swap space
#   In 32 bit mode, the process size limit was hit
# Possible solutions:
#   Reduce memory load on the system
#   Increase physical memory or swap space
#   Check if swap backing store is full
#   Use 64 bit Java on a 64 bit OS
#   Decrease Java heap size (-Xmx/-Xms)
#   Decrease number of Java threads
#   Decrease Java thread stack sizes (-Xss)
#   Set larger code cache with -XX:ReservedCodeCacheSize=
# This output file may be truncated or incomplete.
#
#  Out of Memory Error (allocation.cpp:390), pid=6156, tid=3132
#
# JRE version: Java(TM) SE Runtime Environment (8.0_51-b16) (build 1.8.0_51-b16)
# Java VM: Java HotSpot(TM) 64-Bit Server VM (25.51-b03 mixed mode windows-amd64 compressed oops)
# Failed to write core dump. Minidumps are not enabled by default on client versions of Windows
#

---------------  T H R E A D  ---------------

Current thread (0x00000000178af000):  JavaThread "C2 CompilerThread1" daemon [_thread_in_native, id=3132, stack(0x0000000017f30000,0x0000000018030000)]

Stack: [0x0000000017f30000,0x0000000018030000]
Native frames: (J=compiled Java code, j=interpreted, Vv=VM code, C=native code)
V  [jvm.dll+0x32b4ca]


Current CompileTask:
C2:   6658 1407       4       com.android.dx.ssa.SCCP::simulateBlock (54 bytes)


---------------  P R O C E S S  ---------------

Java Threads: ( => current thread )
  0x00000000178c4000 JavaThread "Service Thread" daemon [_thread_blocked, id=5428, stack(0x0000000018230000,0x0000000018330000)]
  0x00000000178b8800 JavaThread "C1 CompilerThread3" daemon [_thread_in_native, id=4344, stack(0x0000000018130000,0x0000000018230000)]
  0x00000000178b5800 JavaThread "C2 CompilerThread2" daemon [_thread_in_native, id=6160, stack(0x0000000018030000,0x0000000018130000)]
=>0x00000000178af000 JavaThread "C2 CompilerThread1" daemon [_thread_in_native, id=3132, stack(0x0000000017f30000,0x0000000018030000)]
  0x0000000017862000 JavaThread "C2 CompilerThread0" daemon [_thread_in_native, id=6168, stack(0x0000000017e30000,0x0000000017f30000)]
  0x0000000017860800 JavaThread "Attach Listener" daemon [_thread_blocked, id=6608, stack(0x0000000017d30000,0x0000000017e30000)]
  0x000000001785f800 JavaThread "Signal Dispatcher" daemon [_thread_blocked, id=6480, stack(0x0000000017c30000,0x0000000017d30000)]
  0x0000000002d29000 JavaThread "Finalizer" daemon [_thread_blocked, id=5204, stack(0x0000000017730000,0x0000000017830000)]
  0x0000000002d22000 JavaThread "Reference Handler" daemon [_thread_blocked, id=3832, stack(0x0000000017630000,0x0000000017730000)]
  0x0000000002c30800 JavaThread "main" [_thread_in_Java, id=4996, stack(0x0000000002ac0000,0x0000000002bc0000)]

Other Threads:
  0x0000000015849800 VMThread [stack: 0x0000000017530000,0x0000000017630000] [id=6048]
  0x00000000178c5000 WatcherThread [stack: 0x0000000018330000,0x0000000018430000] [id=6504]

VM state:not at safepoint (normal execution)

VM Mutex/Monitor currently owned by a thread: None

Heap:
 PSYoungGen      total 38400K, used 10690K [0x00000000eab00000, 0x00000000ed580000, 0x0000000100000000)
  eden space 33280K, 16% used [0x00000000eab00000,0x00000000eb072e68,0x00000000ecb80000)
  from space 5120K, 99% used [0x00000000ecb80000,0x00000000ed07dc88,0x00000000ed080000)
  to   space 5120K, 0% used [0x00000000ed080000,0x00000000ed080000,0x00000000ed580000)
 ParOldGen       total 87552K, used 1841K [0x00000000c0000000, 0x00000000c5580000, 0x00000000eab00000)
  object space 87552K, 2% used [0x00000000c0000000,0x00000000c01cc700,0x00000000c5580000)
 Metaspace       used 5741K, capacity 6960K, committed 7040K, reserved 1056768K
  class space    used 551K, capacity 616K, committed 640K, reserved 1048576K

Card table byte_map: [0x00000000120f0000,0x0000000012300000] byte_map_base: 0x0000000011af0000

Marking Bits: (ParMarkBitMap*) 0x0000000067064040
 Begin Bits: [0x0000000012c60000, 0x0000000013c60000)
 End Bits:   [0x0000000013c60000, 0x0000000014c60000)

Polling page: 0x0000000001330000

CodeCache: size=245760Kb used=5975Kb max_used=5975Kb free=239784Kb
 bounds [0x0000000002d30000, 0x0000000003310000, 0x0000000011d30000]
 total_blobs=1689 nmethods=1424 adapters=178
 compilation: enabled

Compilation events (10 events):
Event: 6.646 Thread 0x00000000178b8800 1423       3       com.android.dx.cf.code.LocalVariableList::set (23 bytes)
Event: 6.646 Thread 0x00000000178b8800 nmethod 1423 0x0000000003301dd0 code [0x0000000003301fc0, 0x00000000033028b8]
Event: 6.647 Thread 0x00000000178b8800 1425       3       com.android.dx.ssa.back.FirstFitLocalCombiningAllocator::canMapRegs (60 bytes)
Event: 6.648 Thread 0x00000000178b8800 nmethod 1425 0x0000000003309490 code [0x0000000003309700, 0x000000000330a748]
Event: 6.648 Thread 0x00000000178b8800 1424       3       com.android.dx.ssa.back.FirstFitLocalCombiningAllocator::findRopRegForLocal (74 bytes)
Event: 6.648 Thread 0x00000000178b8800 nmethod 1424 0x0000000003305010 code [0x00000000033051e0, 0x00000000033058c8]
Event: 6.648 Thread 0x0000000017862000 1426       4       com.android.dx.ssa.LocalVariableExtractor::processBlock (383 bytes)
Event: 6.652 Thread 0x00000000178b8800 1428       3       java.util.HashMap$HashIterator::nextNode (100 bytes)
Event: 6.652 Thread 0x00000000178b8800 nmethod 1428 0x00000000032f7a90 code [0x00000000032f7c40, 0x00000000032f8118]
Event: 6.653 Thread 0x00000000178b8800 1429       3       com.android.dx.cf.code.Ropper::addSetupBlocks (535 bytes)

GC Heap History (2 events):
Event: 6.300 GC heap before
{Heap before GC invocations=1 (full 0):
 PSYoungGen      total 38400K, used 33280K [0x00000000eab00000, 0x00000000ed580000, 0x0000000100000000)
  eden space 33280K, 100% used [0x00000000eab00000,0x00000000ecb80000,0x00000000ecb80000)
  from space 5120K, 0% used [0x00000000ed080000,0x00000000ed080000,0x00000000ed580000)
  to   space 5120K, 0% used [0x00000000ecb80000,0x00000000ecb80000,0x00000000ed080000)
 ParOldGen       total 87552K, used 0K [0x00000000c0000000, 0x00000000c5580000, 0x00000000eab00000)
  object space 87552K, 0% used [0x00000000c0000000,0x00000000c0000000,0x00000000c5580000)
 Metaspace       used 5715K, capacity 6960K, committed 7040K, reserved 1056768K
  class space    used 551K, capacity 616K, committed 640K, reserved 1048576K
Event: 6.607 GC heap after
Heap after GC invocations=1 (full 0):
 PSYoungGen      total 38400K, used 5111K [0x00000000eab00000, 0x00000000ed580000, 0x0000000100000000)
  eden space 33280K, 0% used [0x00000000eab00000,0x00000000eab00000,0x00000000ecb80000)
  from space 5120K, 99% used [0x00000000ecb80000,0x00000000ed07dc88,0x00000000ed080000)
  to   space 5120K, 0% used [0x00000000ed080000,0x00000000ed080000,0x00000000ed580000)
 ParOldGen       total 87552K, used 1841K [0x00000000c0000000, 0x00000000c5580000, 0x00000000eab00000)
  object space 87552K, 2% used [0x00000000c0000000,0x00000000c01cc700,0x00000000c5580000)
 Metaspace       used 5715K, capacity 6960K, committed 7040K, reserved 1056768K
  class space    used 551K, capacity 616K, committed 640K, reserved 1048576K
}

Deoptimization events (10 events):
Event: 4.617 Thread 0x0000000002c30800 Uncommon trap: reason=unstable_if action=reinterpret pc=0x0000000002f630ec method=java.util.HashMap.getNode(ILjava/lang/Object;)Ljava/util/HashMap$Node; @ 129
Event: 5.351 Thread 0x0000000002c30800 Uncommon trap: reason=class_check action=maybe_recompile pc=0x0000000003059130 method=com.android.dx.ssa.NormalSsaInsn.accept(Lcom/android/dx/ssa/SsaInsn$Visitor;)V @ 9
Event: 5.351 Thread 0x0000000002c30800 Uncommon trap: reason=class_check action=maybe_recompile pc=0x0000000002fd2a70 method=com.android.dx.ssa.NormalSsaInsn.accept(Lcom/android/dx/ssa/SsaInsn$Visitor;)V @ 9
Event: 5.351 Thread 0x0000000002c30800 Uncommon trap: reason=class_check action=maybe_recompile pc=0x0000000002fd2a70 method=com.android.dx.ssa.NormalSsaInsn.accept(Lcom/android/dx/ssa/SsaInsn$Visitor;)V @ 9
Event: 5.352 Thread 0x0000000002c30800 Uncommon trap: reason=class_check action=maybe_recompile pc=0x0000000002fd2a70 method=com.android.dx.ssa.NormalSsaInsn.accept(Lcom/android/dx/ssa/SsaInsn$Visitor;)V @ 9
Event: 5.376 Thread 0x0000000002c30800 Uncommon trap: reason=class_check action=maybe_recompile pc=0x0000000003059130 method=com.android.dx.ssa.NormalSsaInsn.accept(Lcom/android/dx/ssa/SsaInsn$Visitor;)V @ 9
Event: 5.682 Thread 0x0000000002c30800 Uncommon trap: reason=unstable_if action=reinterpret pc=0x00000000031990b0 method=com.android.dx.rop.code.RegisterSpecSet.put(Lcom/android/dx/rop/code/RegisterSpec;)V @ 77
Event: 5.977 Thread 0x0000000002c30800 Uncommon trap: reason=unstable_if action=reinterpret pc=0x0000000003160efc method=com.android.dx.util.IntList.binarysearch(I)I @ 105
Event: 6.106 Thread 0x0000000002c30800 Uncommon trap: reason=class_check action=maybe_recompile pc=0x00000000032e05b4 method=com.android.dx.ssa.SsaMethod.isRegALocal(Lcom/android/dx/rop/code/RegisterSpec;)Z @ 16
Event: 6.220 Thread 0x0000000002c30800 Uncommon trap: reason=class_check action=maybe_recompile pc=0x00000000032e05b4 method=com.android.dx.ssa.SsaMethod.isRegALocal(Lcom/android/dx/rop/code/RegisterSpec;)Z @ 16

Internal exceptions (2 events):
Event: 1.062 Thread 0x0000000002c30800 Exception <a 'java/lang/NoSuchMethodError': Method sun.misc.Unsafe.defineClass(Ljava/lang/String;[BII)Ljava/lang/Class; name or signature does not match> (0x00000000eab0d498) thrown at [C:\re\workspace\8-2-build-windows-amd64-cygwin\jdk8u51\3951\hotspot\sr+¾@8þð?
Event: 1.062 Thread 0x0000000002c30800 Exception <a 'java/lang/NoSuchMethodError': Method sun.misc.Unsafe.prefetchRead(Ljava/lang/Object;J)V name or signature does not match> (0x00000000eab0d728) thrown at [C:\re\workspace\8-2-build-windows-amd64-cygwin\jdk8u51\3951\hotspot\src\share\vm\prims\j

Events (10 events):
Event: 5.977 Thread 0x0000000002c30800 DEOPT PACKING pc=0x0000000003160efc sp=0x0000000002bbe720
Event: 5.977 Thread 0x0000000002c30800 DEOPT UNPACKING pc=0x0000000002d7582a sp=0x0000000002bbe698 mode 2
Event: 6.106 Thread 0x0000000002c30800 Uncommon trap: trap_request=0xffffffde fr.pc=0x00000000032e05b4
Event: 6.106 Thread 0x0000000002c30800 DEOPT PACKING pc=0x00000000032e05b4 sp=0x0000000002bbe6d0
Event: 6.106 Thread 0x0000000002c30800 DEOPT UNPACKING pc=0x0000000002d7582a sp=0x0000000002bbe638 mode 2
Event: 6.220 Thread 0x0000000002c30800 Uncommon trap: trap_request=0xffffffde fr.pc=0x00000000032e05b4
Event: 6.220 Thread 0x0000000002c30800 DEOPT PACKING pc=0x00000000032e05b4 sp=0x0000000002bbe770
Event: 6.220 Thread 0x0000000002c30800 DEOPT UNPACKING pc=0x0000000002d7582a sp=0x0000000002bbe6d8 mode 2
Event: 6.300 Executing VM operation: ParallelGCFailedAllocation
Event: 6.607 Executing VM operation: ParallelGCFailedAllocation done


Dynamic libraries:
0x00007ff73b850000 - 0x00007ff73b887000 	C:\Program Files\Java\jdk1.8.0_51\bin\java.exe
0x00007ffef4420000 - 0x00007ffef45cc000 	C:\Windows\SYSTEM32\ntdll.dll
0x00007ffef2090000 - 0x00007ffef21ca000 	C:\Windows\system32\KERNEL32.DLL
0x00007ffef1ae0000 - 0x00007ffef1bef000 	C:\Windows\system32\KERNELBASE.dll
0x00007ffef0380000 - 0x00007ffef0408000 	C:\Windows\system32\apphelp.dll
0x00007ffededa0000 - 0x00007ffededef000 	C:\Windows\AppPatch\AppPatch64\AcGenral.DLL
0x00007ffef1e50000 - 0x00007ffef1ef7000 	C:\Windows\system32\msvcrt.dll
0x00007ffef1640000 - 0x00007ffef166b000 	C:\Windows\SYSTEM32\SspiCli.dll
0x00007ffef1ca0000 - 0x00007ffef1cf1000 	C:\Windows\system32\SHLWAPI.dll
0x00007ffef40a0000 - 0x00007ffef4211000 	C:\Windows\system32\USER32.dll
0x00007ffef2320000 - 0x00007ffef2498000 	C:\Windows\system32\ole32.dll
0x00007ffef2a20000 - 0x00007ffef3e2f000 	C:\Windows\system32\SHELL32.dll
0x00007ffef0ef0000 - 0x00007ffef0f0e000 	C:\Windows\SYSTEM32\USERENV.dll
0x00007ffef26f0000 - 0x00007ffef2795000 	C:\Windows\system32\ADVAPI32.dll
0x00007ffeea870000 - 0x00007ffeea88b000 	C:\Windows\SYSTEM32\MPR.dll
0x00007ffef27a0000 - 0x00007ffef28d7000 	C:\Windows\system32\RPCRT4.dll
0x00007ffef4220000 - 0x00007ffef4277000 	C:\Windows\SYSTEM32\sechost.dll
0x00007ffef2510000 - 0x00007ffef26e6000 	C:\Windows\SYSTEM32\combase.dll
0x00007ffef21d0000 - 0x00007ffef2314000 	C:\Windows\system32\GDI32.dll
0x00007ffef1790000 - 0x00007ffef17a4000 	C:\Windows\SYSTEM32\profapi.dll
0x00007ffeefb80000 - 0x00007ffeefc1f000 	C:\Windows\SYSTEM32\SHCORE.dll
0x00007ffef1e10000 - 0x00007ffef1e44000 	C:\Windows\system32\IMM32.DLL
0x00007ffef28e0000 - 0x00007ffef2a19000 	C:\Windows\system32\MSCTF.dll
0x00007ffeeeff0000 - 0x00007ffeef24a000 	C:\Windows\WinSxS\amd64_microsoft.windows.common-controls_6595b64144ccf1df_6.0.9600.17031_none_6242a4b3ecbb55a1\COMCTL32.dll
0x0000000066420000 - 0x00000000664f2000 	C:\Program Files\Java\jdk1.8.0_51\jre\bin\msvcr100.dll
0x0000000066860000 - 0x00000000670e3000 	C:\Program Files\Java\jdk1.8.0_51\jre\bin\server\jvm.dll
0x00007ffee04b0000 - 0x00007ffee04b9000 	C:\Windows\SYSTEM32\WSOCK32.dll
0x00007ffee9050000 - 0x00007ffee906f000 	C:\Windows\SYSTEM32\WINMM.dll
0x00007ffeef520000 - 0x00007ffeef52a000 	C:\Windows\SYSTEM32\VERSION.dll
0x00007ffef1fb0000 - 0x00007ffef1fb7000 	C:\Windows\system32\PSAPI.DLL
0x00007ffef1d00000 - 0x00007ffef1d58000 	C:\Windows\system32\WS2_32.dll
0x00007ffee8d10000 - 0x00007ffee8d3a000 	C:\Windows\SYSTEM32\WINMMBASE.dll
0x00007ffef4090000 - 0x00007ffef4099000 	C:\Windows\system32\NSI.dll
0x00007ffef1a90000 - 0x00007ffef1ada000 	C:\Windows\SYSTEM32\cfgmgr32.dll
0x00007ffef05f0000 - 0x00007ffef0616000 	C:\Windows\SYSTEM32\DEVOBJ.dll
0x0000000068950000 - 0x000000006895f000 	C:\Program Files\Java\jdk1.8.0_51\jre\bin\verify.dll
0x0000000066830000 - 0x0000000066859000 	C:\Program Files\Java\jdk1.8.0_51\jre\bin\java.dll
0x0000000068760000 - 0x0000000068776000 	C:\Program Files\Java\jdk1.8.0_51\jre\bin\zip.dll
0x00007ffee8880000 - 0x00007ffee8a08000 	C:\Windows\SYSTEM32\dbghelp.dll

VM Arguments:
jvm_args: -Xmx1024M -Dfile.encoding=windows-1252 -Duser.country=AU -Duser.language=en -Duser.variant 
java_command: com.android.dx.command.Main --dex --output C:\Android_Dev\WheeledWalks\app\build\intermediates\pre-dexed\debug\classes-14693bb6b5f91952d9742e99e43f6856055cfe9d.jar C:\Android_Dev\WheeledWalks\app\build\intermediates\exploded-aar\com.google.android.gms\play-services-drive\7.8.0\jars\classes.jar
java_class_path (initial): C:\Users\David\AppData\Local\Android\sdk\build-tools\22.0.1\lib\dx.jar
Launcher Type: SUN_STANDARD

Environment Variables:
PATH=C:\ProgramData\Oracle\Java\javapath;C:\Program Files (x86)\Intel\iCLS Client\;C:\Program Files\Intel\iCLS Client\;C:\Windows\system32;C:\Windows;C:\Windows\System32\Wbem;C:\Windows\System32\WindowsPowerShell\v1.0\;C:\Program Files\Intel\Intel(R) Management Engine Components\DAL;C:\Program Files (x86)\Intel\Intel(R) Management Engine Components\DAL;C:\Program Files\Intel\Intel(R) Management Engine Components\IPT;C:\Program Files (x86)\Intel\Intel(R) Management Engine Components\IPT;C:\Program Files (x86)\ATI Technologies\ATI.ACE\Core-Static;C:\Program Files (x86)\Windows Kits\8.1\Windows Performance Toolkit\;C:\Program Files\Microsoft SQL Server\110\Tools\Binn\;C:\Program Files (x86)\Microsoft SDKs\TypeScript\1.0\;C:\Program Files\Microsoft SQL Server\120\Tools\Binn\;C:\Program Files\TortoiseGit\bin
USERNAME=David
OS=Windows_NT
PROCESSOR_IDENTIFIER=Intel64 Family 6 Model 60 Stepping 3, GenuineIntel



---------------  S Y S T E M  ---------------

OS: Windows 8.1 , 64 bit Build 9600 (6.3.9600.17056)

CPU:total 8 (4 cores per cpu, 2 threads per core) family 6 model 60 stepping 3, cmov, cx8, fxsr, mmx, sse, sse2, sse3, ssse3, sse4.1, sse4.2, popcnt, avx, avx2, aes, clmul, erms, rtm, lzcnt, ht, tsc, tscinvbit, bmi1, bmi2

Memory: 4k page, physical 8320748k(1794544k free), swap 9369324k(5112k free)

vm_info: Java HotSpot(TM) 64-Bit Server VM (25.51-b03) for windows-amd64 JRE (1.8.0_51-b16), built on Jun  8 2015 18:03:07 by "java_re" with MS VC++ 10.0 (VS2010)

time: Tue Oct 06 09:18:33 2015
elapsed time: 6 seconds (0d 0h 0m 6s)

